<?xml version="1.0" encoding="UTF-8"?>
<!-- Generated by org.testng.reporters.JUnitReportReporter -->
<testsuite hostname="DESKTOP-8QR0K53" name="TestStory.SearchTest" tests="2" failures="0" timestamp="19 Oct 2016 21:46:47 GMT" time="22.163" errors="0">
  <testcase name="SearchWithBadInputTest" time="9.604" classname="TestStory.SearchTest"/>
  <testcase name="testTestSearch" time="12.559" classname="TestStory.SearchTest"/>
</testsuite> <!-- TestStory.SearchTest -->
